<?xml version="1.0" encoding="UTF-8"?>
<!-- Generated by org.testng.reporters.JUnitReportReporter -->
<testsuite skipped="0" hostname="vinay-PC" name="com.crm.testscripts.AccountScripts" tests="1" failures="0" timestamp="12 Feb 2018 09:49:03 GMT" time="8.573" errors="0">
  <testcase name="loginCrm" time="8.573" classname="com.crm.testscripts.AccountScripts"/>
</testsuite> <!-- com.crm.testscripts.AccountScripts -->
