<?xml version="1.0" encoding="UTF-8"?>
<!-- Generated by org.testng.reporters.JUnitReportReporter -->
<testsuite skipped="0" hostname="vinay-PC" name="com.crm.testscripts.AdminTest2" tests="1" failures="0" timestamp="04 Apr 2018 09:02:52 GMT" time="21.838" errors="0">
  <testcase name="createLeadsUsingSikuli" time="21.838" classname="com.crm.testscripts.AdminTest2"/>
</testsuite> <!-- com.crm.testscripts.AdminTest2 -->
