<?xml version="1.0" encoding="UTF-8"?>
<!-- Generated by org.testng.reporters.JUnitReportReporter -->
<testsuite skipped="0" hostname="vinay-PC" name="com.crm.testscripts.AdminTest" tests="1" failures="0" timestamp="30 Mar 2018 08:01:34 GMT" time="22.032" errors="0">
  <testcase name="createLeadsUsingSikuli" time="22.032" classname="com.crm.testscripts.AdminTest"/>
</testsuite> <!-- com.crm.testscripts.AdminTest -->
